<?xml version="1.0" encoding="UTF-8" ?>
<testsuites>
<testsuite name="Player" errors="0" tests="0" failures="0" time="0" timestamp="2017-08-29T15:48:55">
</testsuite>
<testsuite name="Player.when song will be playing" errors="0" tests="2" failures="0" time="0.007" timestamp="2017-08-29T15:48:55">
  <testcase classname="Player.when song will be playing" name="should be able to play a Song" time="0.004"></testcase>
  <testcase classname="Player.when song will be playing" name="tells the current song if the user has made it a favorite" time="0"></testcase>
</testsuite>
<testsuite name="Player.when song has been paused" errors="0" tests="2" failures="0" time="0" timestamp="2017-08-29T15:48:55">
  <testcase classname="Player.when song has been paused" name="should indicate that the song is currently paused" time="0"></testcase>
  <testcase classname="Player.when song has been paused" name="should be possible to resume" time="0"></testcase>
</testsuite>
</testsuites>